This is pdfTeX, Version 3.1415926-2.5-1.40.14 (TeX Live 2013/Debian) (format=pdflatex 2014.12.7)  11 JUN 2015 22:56
entering extended mode
 restricted \write18 enabled.
 %&-line parsing enabled.
**diodenlaser.tex
(./diodenlaser.tex
LaTeX2e <2011/06/27>
Babel <3.9h> and hyphenation patterns for 78 languages loaded.
(/usr/share/texlive/texmf-dist/tex/latex/koma-script/scrartcl.cls
Document Class: scrartcl 2013/12/19 v3.12 KOMA-Script document class (article)
(/usr/share/texlive/texmf-dist/tex/latex/koma-script/scrkbase.sty
Package: scrkbase 2013/12/19 v3.12 KOMA-Script package (KOMA-Script-dependent b
asics and keyval usage)

(/usr/share/texlive/texmf-dist/tex/latex/koma-script/scrbase.sty
Package: scrbase 2013/12/19 v3.12 KOMA-Script package (KOMA-Script-independent 
basics and keyval usage)

(/usr/share/texlive/texmf-dist/tex/latex/graphics/keyval.sty
Package: keyval 1999/03/16 v1.13 key=value parser (DPC)
\KV@toks@=\toks14
)
(/usr/share/texlive/texmf-dist/tex/latex/koma-script/scrlfile.sty
Package: scrlfile 2013/12/19 v3.12 KOMA-Script package (loading files)

Package scrlfile, 2013/12/19 v3.12 KOMA-Script package (loading files)
                  Copyright (C) Markus Kohm

))) (/usr/share/texlive/texmf-dist/tex/latex/koma-script/tocbasic.sty
Package: tocbasic 2013/12/19 v3.12 KOMA-Script package (handling toc-files)
)
Package tocbasic Info: omitting babel extension for `toc'
(tocbasic)             because of feature `nobabel' available
(tocbasic)             for `toc' on input line 115.
Package tocbasic Info: omitting babel extension for `lof'
(tocbasic)             because of feature `nobabel' available
(tocbasic)             for `lof' on input line 116.
Package tocbasic Info: omitting babel extension for `lot'
(tocbasic)             because of feature `nobabel' available
(tocbasic)             for `lot' on input line 117.
Package scrartcl Info: You've used standard option `10pt'.
(scrartcl)             This is correct!
(scrartcl)             Internally I'm using `fontsize=10pt'.
(scrartcl)             If you'd like to set the option with \KOMAoptions,
(scrartcl)             you'd have to use `fontsize=10pt' there
(scrartcl)             instead of `10pt', too.
Class scrartcl Info: File `scrsize10pt.clo' used to setup font sizes on input l
ine 1531.

(/usr/share/texlive/texmf-dist/tex/latex/koma-script/scrsize10pt.clo
File: scrsize10pt.clo 2013/12/19 v3.12 KOMA-Script font size class option (10pt
)
)
(/usr/share/texlive/texmf-dist/tex/latex/koma-script/typearea.sty
Package: typearea 2013/12/19 v3.12 KOMA-Script package (type area)

Package typearea, 2013/12/19 v3.12 KOMA-Script package (type area)
                  Copyright (C) Frank Neukam, 1992-1994
                  Copyright (C) Markus Kohm, 1994-

\ta@bcor=\skip41
\ta@div=\count79
Package typearea Info: You've used standard option `a4paper'.
(typearea)             This is correct!
(typearea)             Internally I'm using `paper=a4'.
(typearea)             If you'd like to set the option with \KOMAoptions,
(typearea)             you'd have to use `paper=a4' there
(typearea)             instead of `a4paper', too.
\ta@hblk=\skip42
\ta@vblk=\skip43
\ta@temp=\skip44
\footheight=\skip45
Package typearea Info: These are the values describing the layout:
(typearea)             DIV  = 8
(typearea)             BCOR = 0.0pt
(typearea)             \paperwidth      = 597.50793pt
(typearea)              \textwidth      = 373.44246pt
(typearea)              DIV departure   = -4%
(typearea)              \evensidemargin = 39.76274pt
(typearea)              \oddsidemargin  = 39.76274pt
(typearea)             \paperheight     = 845.04694pt
(typearea)              \textheight     = 538.0pt
(typearea)              \topmargin      = 0.36087pt
(typearea)              \headheight     = 15.0pt
(typearea)              \headsep        = 18.0pt
(typearea)              \topskip        = 10.0pt
(typearea)              \footskip       = 42.0pt
(typearea)              \baselineskip   = 12.0pt
(typearea)              on input line 1330.
)
\c@part=\count80
\c@section=\count81
\c@subsection=\count82
\c@subsubsection=\count83
\c@paragraph=\count84
\c@subparagraph=\count85
\abovecaptionskip=\skip46
\belowcaptionskip=\skip47
\c@pti@nb@sid@b@x=\box26
\c@figure=\count86
\c@table=\count87
\bibindent=\dimen102
) (/usr/share/texlive/texmf-dist/tex/latex/base/inputenc.sty
Package: inputenc 2008/03/30 v1.1d Input encoding file
\inpenc@prehook=\toks15
\inpenc@posthook=\toks16

(/usr/share/texlive/texmf-dist/tex/latex/base/utf8.def
File: utf8.def 2008/04/05 v1.1m UTF-8 support for inputenc
Now handling font encoding OML ...
... no UTF-8 mapping file for font encoding OML
Now handling font encoding T1 ...
... processing UTF-8 mapping file for font encoding T1

(/usr/share/texlive/texmf-dist/tex/latex/base/t1enc.dfu
File: t1enc.dfu 2008/04/05 v1.1m UTF-8 support for inputenc
   defining Unicode char U+00A1 (decimal 161)
   defining Unicode char U+00A3 (decimal 163)
   defining Unicode char U+00AB (decimal 171)
   defining Unicode char U+00BB (decimal 187)
   defining Unicode char U+00BF (decimal 191)
   defining Unicode char U+00C0 (decimal 192)
   defining Unicode char U+00C1 (decimal 193)
   defining Unicode char U+00C2 (decimal 194)
   defining Unicode char U+00C3 (decimal 195)
   defining Unicode char U+00C4 (decimal 196)
   defining Unicode char U+00C5 (decimal 197)
   defining Unicode char U+00C6 (decimal 198)
   defining Unicode char U+00C7 (decimal 199)
   defining Unicode char U+00C8 (decimal 200)
   defining Unicode char U+00C9 (decimal 201)
   defining Unicode char U+00CA (decimal 202)
   defining Unicode char U+00CB (decimal 203)
   defining Unicode char U+00CC (decimal 204)
   defining Unicode char U+00CD (decimal 205)
   defining Unicode char U+00CE (decimal 206)
   defining Unicode char U+00CF (decimal 207)
   defining Unicode char U+00D0 (decimal 208)
   defining Unicode char U+00D1 (decimal 209)
   defining Unicode char U+00D2 (decimal 210)
   defining Unicode char U+00D3 (decimal 211)
   defining Unicode char U+00D4 (decimal 212)
   defining Unicode char U+00D5 (decimal 213)
   defining Unicode char U+00D6 (decimal 214)
   defining Unicode char U+00D8 (decimal 216)
   defining Unicode char U+00D9 (decimal 217)
   defining Unicode char U+00DA (decimal 218)
   defining Unicode char U+00DB (decimal 219)
   defining Unicode char U+00DC (decimal 220)
   defining Unicode char U+00DD (decimal 221)
   defining Unicode char U+00DE (decimal 222)
   defining Unicode char U+00DF (decimal 223)
   defining Unicode char U+00E0 (decimal 224)
   defining Unicode char U+00E1 (decimal 225)
   defining Unicode char U+00E2 (decimal 226)
   defining Unicode char U+00E3 (decimal 227)
   defining Unicode char U+00E4 (decimal 228)
   defining Unicode char U+00E5 (decimal 229)
   defining Unicode char U+00E6 (decimal 230)
   defining Unicode char U+00E7 (decimal 231)
   defining Unicode char U+00E8 (decimal 232)
   defining Unicode char U+00E9 (decimal 233)
   defining Unicode char U+00EA (decimal 234)
   defining Unicode char U+00EB (decimal 235)
   defining Unicode char U+00EC (decimal 236)
   defining Unicode char U+00ED (decimal 237)
   defining Unicode char U+00EE (decimal 238)
   defining Unicode char U+00EF (decimal 239)
   defining Unicode char U+00F0 (decimal 240)
   defining Unicode char U+00F1 (decimal 241)
   defining Unicode char U+00F2 (decimal 242)
   defining Unicode char U+00F3 (decimal 243)
   defining Unicode char U+00F4 (decimal 244)
   defining Unicode char U+00F5 (decimal 245)
   defining Unicode char U+00F6 (decimal 246)
   defining Unicode char U+00F8 (decimal 248)
   defining Unicode char U+00F9 (decimal 249)
   defining Unicode char U+00FA (decimal 250)
   defining Unicode char U+00FB (decimal 251)
   defining Unicode char U+00FC (decimal 252)
   defining Unicode char U+00FD (decimal 253)
   defining Unicode char U+00FE (decimal 254)
   defining Unicode char U+00FF (decimal 255)
   defining Unicode char U+0102 (decimal 258)
   defining Unicode char U+0103 (decimal 259)
   defining Unicode char U+0104 (decimal 260)
   defining Unicode char U+0105 (decimal 261)
   defining Unicode char U+0106 (decimal 262)
   defining Unicode char U+0107 (decimal 263)
   defining Unicode char U+010C (decimal 268)
   defining Unicode char U+010D (decimal 269)
   defining Unicode char U+010E (decimal 270)
   defining Unicode char U+010F (decimal 271)
   defining Unicode char U+0110 (decimal 272)
   defining Unicode char U+0111 (decimal 273)
   defining Unicode char U+0118 (decimal 280)
   defining Unicode char U+0119 (decimal 281)
   defining Unicode char U+011A (decimal 282)
   defining Unicode char U+011B (decimal 283)
   defining Unicode char U+011E (decimal 286)
   defining Unicode char U+011F (decimal 287)
   defining Unicode char U+0130 (decimal 304)
   defining Unicode char U+0131 (decimal 305)
   defining Unicode char U+0132 (decimal 306)
   defining Unicode char U+0133 (decimal 307)
   defining Unicode char U+0139 (decimal 313)
   defining Unicode char U+013A (decimal 314)
   defining Unicode char U+013D (decimal 317)
   defining Unicode char U+013E (decimal 318)
   defining Unicode char U+0141 (decimal 321)
   defining Unicode char U+0142 (decimal 322)
   defining Unicode char U+0143 (decimal 323)
   defining Unicode char U+0144 (decimal 324)
   defining Unicode char U+0147 (decimal 327)
   defining Unicode char U+0148 (decimal 328)
   defining Unicode char U+014A (decimal 330)
   defining Unicode char U+014B (decimal 331)
   defining Unicode char U+0150 (decimal 336)
   defining Unicode char U+0151 (decimal 337)
   defining Unicode char U+0152 (decimal 338)
   defining Unicode char U+0153 (decimal 339)
   defining Unicode char U+0154 (decimal 340)
   defining Unicode char U+0155 (decimal 341)
   defining Unicode char U+0158 (decimal 344)
   defining Unicode char U+0159 (decimal 345)
   defining Unicode char U+015A (decimal 346)
   defining Unicode char U+015B (decimal 347)
   defining Unicode char U+015E (decimal 350)
   defining Unicode char U+015F (decimal 351)
   defining Unicode char U+0160 (decimal 352)
   defining Unicode char U+0161 (decimal 353)
   defining Unicode char U+0162 (decimal 354)
   defining Unicode char U+0163 (decimal 355)
   defining Unicode char U+0164 (decimal 356)
   defining Unicode char U+0165 (decimal 357)
   defining Unicode char U+016E (decimal 366)
   defining Unicode char U+016F (decimal 367)
   defining Unicode char U+0170 (decimal 368)
   defining Unicode char U+0171 (decimal 369)
   defining Unicode char U+0178 (decimal 376)
   defining Unicode char U+0179 (decimal 377)
   defining Unicode char U+017A (decimal 378)
   defining Unicode char U+017B (decimal 379)
   defining Unicode char U+017C (decimal 380)
   defining Unicode char U+017D (decimal 381)
   defining Unicode char U+017E (decimal 382)
   defining Unicode char U+200C (decimal 8204)
   defining Unicode char U+2013 (decimal 8211)
   defining Unicode char U+2014 (decimal 8212)
   defining Unicode char U+2018 (decimal 8216)
   defining Unicode char U+2019 (decimal 8217)
   defining Unicode char U+201A (decimal 8218)
   defining Unicode char U+201C (decimal 8220)
   defining Unicode char U+201D (decimal 8221)
   defining Unicode char U+201E (decimal 8222)
   defining Unicode char U+2030 (decimal 8240)
   defining Unicode char U+2031 (decimal 8241)
   defining Unicode char U+2039 (decimal 8249)
   defining Unicode char U+203A (decimal 8250)
   defining Unicode char U+2423 (decimal 9251)
)
Now handling font encoding OT1 ...
... processing UTF-8 mapping file for font encoding OT1

(/usr/share/texlive/texmf-dist/tex/latex/base/ot1enc.dfu
File: ot1enc.dfu 2008/04/05 v1.1m UTF-8 support for inputenc
   defining Unicode char U+00A1 (decimal 161)
   defining Unicode char U+00A3 (decimal 163)
   defining Unicode char U+00B8 (decimal 184)
   defining Unicode char U+00BF (decimal 191)
   defining Unicode char U+00C5 (decimal 197)
   defining Unicode char U+00C6 (decimal 198)
   defining Unicode char U+00D8 (decimal 216)
   defining Unicode char U+00DF (decimal 223)
   defining Unicode char U+00E6 (decimal 230)
   defining Unicode char U+00EC (decimal 236)
   defining Unicode char U+00ED (decimal 237)
   defining Unicode char U+00EE (decimal 238)
   defining Unicode char U+00EF (decimal 239)
   defining Unicode char U+00F8 (decimal 248)
   defining Unicode char U+0131 (decimal 305)
   defining Unicode char U+0141 (decimal 321)
   defining Unicode char U+0142 (decimal 322)
   defining Unicode char U+0152 (decimal 338)
   defining Unicode char U+0153 (decimal 339)
   defining Unicode char U+2013 (decimal 8211)
   defining Unicode char U+2014 (decimal 8212)
   defining Unicode char U+2018 (decimal 8216)
   defining Unicode char U+2019 (decimal 8217)
   defining Unicode char U+201C (decimal 8220)
   defining Unicode char U+201D (decimal 8221)
)
Now handling font encoding OMS ...
... processing UTF-8 mapping file for font encoding OMS

(/usr/share/texlive/texmf-dist/tex/latex/base/omsenc.dfu
File: omsenc.dfu 2008/04/05 v1.1m UTF-8 support for inputenc
   defining Unicode char U+00A7 (decimal 167)
   defining Unicode char U+00B6 (decimal 182)
   defining Unicode char U+00B7 (decimal 183)
   defining Unicode char U+2020 (decimal 8224)
   defining Unicode char U+2021 (decimal 8225)
   defining Unicode char U+2022 (decimal 8226)
)
Now handling font encoding OMX ...
... no UTF-8 mapping file for font encoding OMX
Now handling font encoding U ...
... no UTF-8 mapping file for font encoding U
   defining Unicode char U+00A9 (decimal 169)
   defining Unicode char U+00AA (decimal 170)
   defining Unicode char U+00AE (decimal 174)
   defining Unicode char U+00BA (decimal 186)
   defining Unicode char U+02C6 (decimal 710)
   defining Unicode char U+02DC (decimal 732)
   defining Unicode char U+200C (decimal 8204)
   defining Unicode char U+2026 (decimal 8230)
   defining Unicode char U+2122 (decimal 8482)
   defining Unicode char U+2423 (decimal 9251)
))
(/usr/share/texlive/texmf-dist/tex/generic/babel/babel.sty
Package: babel 2013/12/03 3.9h The Babel package

(/usr/share/texlive/texmf-dist/tex/generic/babel-german/germanb.ldf
Language: germanb 2013/12/13 v2.7 German support for babel (traditional orthogr
aphy)

(/usr/share/texlive/texmf-dist/tex/generic/babel/babel.def
File: babel.def 2013/12/03 3.9h Babel common definitions
\babel@savecnt=\count88
\U@D=\dimen103
)
\l@austrian = a dialect from \language\l@german 
Package babel Info: Making " an active character on input line 107.
))
(/usr/share/texlive/texmf-dist/tex/latex/hyperref/hyperref.sty
Package: hyperref 2012/11/06 v6.83m Hypertext links for LaTeX

(/usr/share/texlive/texmf-dist/tex/generic/oberdiek/hobsub-hyperref.sty
Package: hobsub-hyperref 2012/05/28 v1.13 Bundle oberdiek, subset hyperref (HO)


(/usr/share/texlive/texmf-dist/tex/generic/oberdiek/hobsub-generic.sty
Package: hobsub-generic 2012/05/28 v1.13 Bundle oberdiek, subset generic (HO)
Package: hobsub 2012/05/28 v1.13 Construct package bundles (HO)
Package: infwarerr 2010/04/08 v1.3 Providing info/warning/error messages (HO)
Package: ltxcmds 2011/11/09 v1.22 LaTeX kernel commands for general use (HO)
Package: ifluatex 2010/03/01 v1.3 Provides the ifluatex switch (HO)
Package ifluatex Info: LuaTeX not detected.
Package: ifvtex 2010/03/01 v1.5 Detect VTeX and its facilities (HO)
Package ifvtex Info: VTeX not detected.
Package: intcalc 2007/09/27 v1.1 Expandable calculations with integers (HO)
Package: ifpdf 2011/01/30 v2.3 Provides the ifpdf switch (HO)
Package ifpdf Info: pdfTeX in PDF mode is detected.
Package: etexcmds 2011/02/16 v1.5 Avoid name clashes with e-TeX commands (HO)
Package etexcmds Info: Could not find \expanded.
(etexcmds)             That can mean that you are not using pdfTeX 1.50 or
(etexcmds)             that some package has redefined \expanded.
(etexcmds)             In the latter case, load this package earlier.
Package: kvsetkeys 2012/04/25 v1.16 Key value parser (HO)
Package: kvdefinekeys 2011/04/07 v1.3 Define keys (HO)
Package: pdftexcmds 2011/11/29 v0.20 Utility functions of pdfTeX for LuaTeX (HO
)
Package pdftexcmds Info: LuaTeX not detected.
Package pdftexcmds Info: \pdf@primitive is available.
Package pdftexcmds Info: \pdf@ifprimitive is available.
Package pdftexcmds Info: \pdfdraftmode found.
Package: pdfescape 2011/11/25 v1.13 Implements pdfTeX's escape features (HO)
Package: bigintcalc 2012/04/08 v1.3 Expandable calculations on big integers (HO
)
Package: bitset 2011/01/30 v1.1 Handle bit-vector datatype (HO)
Package: uniquecounter 2011/01/30 v1.2 Provide unlimited unique counter (HO)
)
Package hobsub Info: Skipping package `hobsub' (already loaded).
Package: letltxmacro 2010/09/02 v1.4 Let assignment for LaTeX macros (HO)
Package: hopatch 2012/05/28 v1.2 Wrapper for package hooks (HO)
Package: xcolor-patch 2011/01/30 xcolor patch
Package: atveryend 2011/06/30 v1.8 Hooks at the very end of document (HO)
Package atveryend Info: \enddocument detected (standard20110627).
Package: atbegshi 2011/10/05 v1.16 At begin shipout hook (HO)
Package: refcount 2011/10/16 v3.4 Data extraction from label references (HO)
Package: hycolor 2011/01/30 v1.7 Color options for hyperref/bookmark (HO)
)
(/usr/share/texlive/texmf-dist/tex/generic/ifxetex/ifxetex.sty
Package: ifxetex 2010/09/12 v0.6 Provides ifxetex conditional
)
(/usr/share/texlive/texmf-dist/tex/latex/oberdiek/auxhook.sty
Package: auxhook 2011/03/04 v1.3 Hooks for auxiliary files (HO)
)
(/usr/share/texlive/texmf-dist/tex/latex/oberdiek/kvoptions.sty
Package: kvoptions 2011/06/30 v3.11 Key value format for package options (HO)
)
\@linkdim=\dimen104
\Hy@linkcounter=\count89
\Hy@pagecounter=\count90

(/usr/share/texlive/texmf-dist/tex/latex/hyperref/pd1enc.def
File: pd1enc.def 2012/11/06 v6.83m Hyperref: PDFDocEncoding definition (HO)
Now handling font encoding PD1 ...
... no UTF-8 mapping file for font encoding PD1
)
\Hy@SavedSpaceFactor=\count91

(/usr/share/texlive/texmf-dist/tex/latex/latexconfig/hyperref.cfg
File: hyperref.cfg 2002/06/06 v1.2 hyperref configuration of TeXLive
)
Package hyperref Info: Hyper figures OFF on input line 4443.
Package hyperref Info: Link nesting OFF on input line 4448.
Package hyperref Info: Hyper index ON on input line 4451.
Package hyperref Info: Plain pages OFF on input line 4458.
Package hyperref Info: Backreferencing OFF on input line 4463.
Package hyperref Info: Implicit mode ON; LaTeX internals redefined.
Package hyperref Info: Bookmarks ON on input line 4688.
\c@Hy@tempcnt=\count92

(/usr/share/texlive/texmf-dist/tex/latex/url/url.sty
\Urlmuskip=\muskip10
Package: url 2013/09/16  ver 3.4  Verb mode for urls, etc.
)
LaTeX Info: Redefining \url on input line 5041.
\XeTeXLinkMargin=\dimen105
\Fld@menulength=\count93
\Field@Width=\dimen106
\Fld@charsize=\dimen107
Package hyperref Info: Hyper figures OFF on input line 6295.
Package hyperref Info: Link nesting OFF on input line 6300.
Package hyperref Info: Hyper index ON on input line 6303.
Package hyperref Info: backreferencing OFF on input line 6310.
Package hyperref Info: Link coloring OFF on input line 6315.
Package hyperref Info: Link coloring with OCG OFF on input line 6320.
Package hyperref Info: PDF/A mode OFF on input line 6325.
LaTeX Info: Redefining \ref on input line 6365.
LaTeX Info: Redefining \pageref on input line 6369.
\Hy@abspage=\count94
\c@Item=\count95
\c@Hfootnote=\count96
)

Package hyperref Message: Driver (autodetected): hpdftex.

(/usr/share/texlive/texmf-dist/tex/latex/hyperref/hpdftex.def
File: hpdftex.def 2012/11/06 v6.83m Hyperref driver for pdfTeX
\Fld@listcount=\count97
\c@bookmark@seq@number=\count98

(/usr/share/texlive/texmf-dist/tex/latex/oberdiek/rerunfilecheck.sty
Package: rerunfilecheck 2011/04/15 v1.7 Rerun checks for auxiliary files (HO)
Package uniquecounter Info: New unique counter `rerunfilecheck' on input line 2
82.
)
\Hy@SectionHShift=\skip48
)
(/usr/share/texlive/texmf-dist/tex/latex/oberdiek/hypcap.sty
Package: hypcap 2011/02/16 v1.11 Adjusting the anchors of captions (HO)
)
(/usr/share/texlive/texmf-dist/tex/latex/amsfonts/amssymb.sty
Package: amssymb 2013/01/14 v3.01 AMS font symbols

(/usr/share/texlive/texmf-dist/tex/latex/amsfonts/amsfonts.sty
Package: amsfonts 2013/01/14 v3.01 Basic AMSFonts support
\@emptytoks=\toks17
\symAMSa=\mathgroup4
\symAMSb=\mathgroup5
LaTeX Font Info:    Overwriting math alphabet `\mathfrak' in version `bold'
(Font)                  U/euf/m/n --> U/euf/b/n on input line 106.
))
(/usr/share/texlive/texmf-dist/tex/latex/amsmath/amsmath.sty
Package: amsmath 2013/01/14 v2.14 AMS math features
\@mathmargin=\skip49

For additional information on amsmath, use the `?' option.
(/usr/share/texlive/texmf-dist/tex/latex/amsmath/amstext.sty
Package: amstext 2000/06/29 v2.01

(/usr/share/texlive/texmf-dist/tex/latex/amsmath/amsgen.sty
File: amsgen.sty 1999/11/30 v2.0
\@emptytoks=\toks18
\ex@=\dimen108
))
(/usr/share/texlive/texmf-dist/tex/latex/amsmath/amsbsy.sty
Package: amsbsy 1999/11/29 v1.2d
\pmbraise@=\dimen109
)
(/usr/share/texlive/texmf-dist/tex/latex/amsmath/amsopn.sty
Package: amsopn 1999/12/14 v2.01 operator names
)
\inf@bad=\count99
LaTeX Info: Redefining \frac on input line 210.
\uproot@=\count100
\leftroot@=\count101
LaTeX Info: Redefining \overline on input line 306.
\classnum@=\count102
\DOTSCASE@=\count103
LaTeX Info: Redefining \ldots on input line 378.
LaTeX Info: Redefining \dots on input line 381.
LaTeX Info: Redefining \cdots on input line 466.
\Mathstrutbox@=\box27
\strutbox@=\box28
\big@size=\dimen110
LaTeX Font Info:    Redeclaring font encoding OML on input line 566.
LaTeX Font Info:    Redeclaring font encoding OMS on input line 567.
\macc@depth=\count104
\c@MaxMatrixCols=\count105
\dotsspace@=\muskip11
\c@parentequation=\count106
\dspbrk@lvl=\count107
\tag@help=\toks19
\row@=\count108
\column@=\count109
\maxfields@=\count110
\andhelp@=\toks20
\eqnshift@=\dimen111
\alignsep@=\dimen112
\tagshift@=\dimen113
\tagwidth@=\dimen114
\totwidth@=\dimen115
\lineht@=\dimen116
\@envbody=\toks21
\multlinegap=\skip50
\multlinetaggap=\skip51
\mathdisplay@stack=\toks22
LaTeX Info: Redefining \[ on input line 2665.
LaTeX Info: Redefining \] on input line 2666.
)
(/usr/share/texlive/texmf-dist/tex/latex/graphics/graphicx.sty
Package: graphicx 1999/02/16 v1.0f Enhanced LaTeX Graphics (DPC,SPQR)

(/usr/share/texlive/texmf-dist/tex/latex/graphics/graphics.sty
Package: graphics 2009/02/05 v1.0o Standard LaTeX Graphics (DPC,SPQR)

(/usr/share/texlive/texmf-dist/tex/latex/graphics/trig.sty
Package: trig 1999/03/16 v1.09 sin cos tan (DPC)
)
(/usr/share/texlive/texmf-dist/tex/latex/latexconfig/graphics.cfg
File: graphics.cfg 2010/04/23 v1.9 graphics configuration of TeX Live
)
Package graphics Info: Driver file: pdftex.def on input line 91.

(/usr/share/texlive/texmf-dist/tex/latex/pdftex-def/pdftex.def
File: pdftex.def 2011/05/27 v0.06d Graphics/color for pdfTeX
\Gread@gobject=\count111
))
\Gin@req@height=\dimen117
\Gin@req@width=\dimen118
)
(/usr/share/texlive/texmf-dist/tex/latex/cleveref/cleveref.sty
Package: cleveref 2013/12/28 v0.19 Intelligent cross-referencing
Package cleveref Info: `hyperref' support loaded on input line 2230.
LaTeX Info: Redefining \cref on input line 2230.
LaTeX Info: Redefining \Cref on input line 2230.
LaTeX Info: Redefining \crefrange on input line 2230.
LaTeX Info: Redefining \Crefrange on input line 2230.
LaTeX Info: Redefining \cpageref on input line 2230.
LaTeX Info: Redefining \Cpageref on input line 2230.
LaTeX Info: Redefining \cpagerefrange on input line 2230.
LaTeX Info: Redefining \Cpagerefrange on input line 2230.
LaTeX Info: Redefining \labelcref on input line 2230.
LaTeX Info: Redefining \labelcpageref on input line 2230.
)
(/usr/share/texlive/texmf-dist/tex/latex/caption/caption.sty
Package: caption 2013/05/02 v3.3-89 Customizing captions (AR)

(/usr/share/texlive/texmf-dist/tex/latex/caption/caption3.sty
Package: caption3 2013/05/02 v1.6-88 caption3 kernel (AR)
Package caption3 Info: TeX engine: e-TeX on input line 57.
\captionmargin=\dimen119
\captionmargin@=\dimen120
\captionwidth=\dimen121
\caption@tempdima=\dimen122
\caption@indent=\dimen123
\caption@parindent=\dimen124
\caption@hangindent=\dimen125
)
Package caption Info: KOMA-Script document class.
\c@ContinuedFloat=\count112
Package caption Info: hyperref package is loaded.
Package caption Info: hypcap package is loaded.
)
(./diodenlaser.aux)
\openout1 = `diodenlaser.aux'.

LaTeX Font Info:    Checking defaults for OML/cmm/m/it on input line 20.
LaTeX Font Info:    ... okay on input line 20.
LaTeX Font Info:    Checking defaults for T1/cmr/m/n on input line 20.
LaTeX Font Info:    ... okay on input line 20.
LaTeX Font Info:    Checking defaults for OT1/cmr/m/n on input line 20.
LaTeX Font Info:    ... okay on input line 20.
LaTeX Font Info:    Checking defaults for OMS/cmsy/m/n on input line 20.
LaTeX Font Info:    ... okay on input line 20.
LaTeX Font Info:    Checking defaults for OMX/cmex/m/n on input line 20.
LaTeX Font Info:    ... okay on input line 20.
LaTeX Font Info:    Checking defaults for U/cmr/m/n on input line 20.
LaTeX Font Info:    ... okay on input line 20.
LaTeX Font Info:    Checking defaults for PD1/pdf/m/n on input line 20.
LaTeX Font Info:    ... okay on input line 20.
\AtBeginShipoutBox=\box29
Package hyperref Info: Link coloring OFF on input line 20.

(/usr/share/texlive/texmf-dist/tex/latex/hyperref/nameref.sty
Package: nameref 2012/10/27 v2.43 Cross-referencing by name of section

(/usr/share/texlive/texmf-dist/tex/generic/oberdiek/gettitlestring.sty
Package: gettitlestring 2010/12/03 v1.4 Cleanup title references (HO)
)
\c@section@level=\count113
)
LaTeX Info: Redefining \ref on input line 20.
LaTeX Info: Redefining \pageref on input line 20.
LaTeX Info: Redefining \nameref on input line 20.

(./diodenlaser.out) (./diodenlaser.out)
\@outlinefile=\write3
\openout3 = `diodenlaser.out'.


(/usr/share/texlive/texmf-dist/tex/context/base/supp-pdf.mkii
[Loading MPS to PDF converter (version 2006.09.02).]
\scratchcounter=\count114
\scratchdimen=\dimen126
\scratchbox=\box30
\nofMPsegments=\count115
\nofMParguments=\count116
\everyMPshowfont=\toks23
\MPscratchCnt=\count117
\MPscratchDim=\dimen127
\MPnumerator=\count118
\makeMPintoPDFobject=\count119
\everyMPtoPDFconversion=\toks24
) (/usr/share/texlive/texmf-dist/tex/latex/oberdiek/epstopdf-base.sty
Package: epstopdf-base 2010/02/09 v2.5 Base part for package epstopdf

(/usr/share/texlive/texmf-dist/tex/latex/oberdiek/grfext.sty
Package: grfext 2010/08/19 v1.1 Manage graphics extensions (HO)
)
Package grfext Info: Graphics extension search list:
(grfext)             [.png,.pdf,.jpg,.mps,.jpeg,.jbig2,.jb2,.PNG,.PDF,.JPG,.JPE
G,.JBIG2,.JB2,.eps]
(grfext)             \AppendGraphicsExtensions on input line 452.

(/usr/share/texlive/texmf-dist/tex/latex/latexconfig/epstopdf-sys.cfg
File: epstopdf-sys.cfg 2010/07/13 v1.3 Configuration of (r)epstopdf for TeX Liv
e
))
Package caption Info: Begin \AtBeginDocument code.
Package caption Info: End \AtBeginDocument code.
LaTeX Font Info:    Try loading font information for U+msa on input line 22.

(/usr/share/texlive/texmf-dist/tex/latex/amsfonts/umsa.fd
File: umsa.fd 2013/01/14 v3.01 AMS symbols A
)
LaTeX Font Info:    Try loading font information for U+msb on input line 22.

(/usr/share/texlive/texmf-dist/tex/latex/amsfonts/umsb.fd
File: umsb.fd 2013/01/14 v3.01 AMS symbols B
) (./diodenlaser.toc)
\tf@toc=\write4
\openout4 = `diodenlaser.toc'.

Package babel Info: Redefining german shorthand "f
(babel)             in language append on input line 27.
Package babel Info: Redefining german shorthand "|
(babel)             in language append on input line 27.
Package babel Info: Redefining german shorthand "~
(babel)             in language append on input line 27.
Package babel Info: Redefining german shorthand "f
(babel)             in language append on input line 27.
Package babel Info: Redefining german shorthand "|
(babel)             in language append on input line 27.
Package babel Info: Redefining german shorthand "~
(babel)             in language append on input line 27.

[1




{/var/lib/texmf/fonts/map/pdftex/updmap/pdftex.map}]
Package babel Info: Redefining german shorthand "f
(babel)             in language append on input line 29.
Package babel Info: Redefining german shorthand "|
(babel)             in language append on input line 29.
Package babel Info: Redefining german shorthand "~
(babel)             in language append on input line 29.
Package babel Info: Redefining german shorthand "f
(babel)             in language append on input line 33.
Package babel Info: Redefining german shorthand "|
(babel)             in language append on input line 33.
Package babel Info: Redefining german shorthand "~
(babel)             in language append on input line 33.
Package babel Info: Redefining german shorthand "f
(babel)             in language append on input line 42.
Package babel Info: Redefining german shorthand "|
(babel)             in language append on input line 42.
Package babel Info: Redefining german shorthand "~
(babel)             in language append on input line 42.
Package babel Info: Redefining german shorthand "f
(babel)             in language append on input line 44.
Package babel Info: Redefining german shorthand "|
(babel)             in language append on input line 44.
Package babel Info: Redefining german shorthand "~
(babel)             in language append on input line 44.
Package babel Info: Redefining german shorthand "f
(babel)             in language append on input line 44.
Package babel Info: Redefining german shorthand "|
(babel)             in language append on input line 44.
Package babel Info: Redefining german shorthand "~
(babel)             in language append on input line 44.
 [2]
Package babel Info: Redefining german shorthand "f
(babel)             in language append on input line 44.
Package babel Info: Redefining german shorthand "|
(babel)             in language append on input line 44.
Package babel Info: Redefining german shorthand "~
(babel)             in language append on input line 44.

Underfull \hbox (badness 10000) in paragraph at lines 45--46

 []

<Bilder/Halbleiter_2.png, id=102, 302.0886pt x 182.1204pt>
File: Bilder/Halbleiter_2.png Graphic file (type png)

<use Bilder/Halbleiter_2.png>
Package pdftex.def Info: Bilder/Halbleiter_2.png used on input line 50.
(pdftex.def)             Requested size: 261.40857pt x 157.607pt.

Overfull \hbox (3.97472pt too wide) in paragraph at lines 55--58
\OT1/cmr/m/n/10 In un-se-rem Ver-such wer-den die Spie-gel des Re-so-na-tors an
 der Di-ode durch den []Ubergang
 []

Package babel Info: Redefining german shorthand "f
(babel)             in language append on input line 61.
Package babel Info: Redefining german shorthand "|
(babel)             in language append on input line 61.
Package babel Info: Redefining german shorthand "~
(babel)             in language append on input line 61.
Package babel Info: Redefining german shorthand "f
(babel)             in language append on input line 61.
Package babel Info: Redefining german shorthand "|
(babel)             in language append on input line 61.
Package babel Info: Redefining german shorthand "~
(babel)             in language append on input line 61.
[3]
Package babel Info: Redefining german shorthand "f
(babel)             in language append on input line 64.
Package babel Info: Redefining german shorthand "|
(babel)             in language append on input line 64.
Package babel Info: Redefining german shorthand "~
(babel)             in language append on input line 64.
Package babel Info: Redefining german shorthand "f
(babel)             in language append on input line 67.
Package babel Info: Redefining german shorthand "|
(babel)             in language append on input line 67.
Package babel Info: Redefining german shorthand "~
(babel)             in language append on input line 67.
Package babel Info: Redefining german shorthand "f
(babel)             in language append on input line 67.
Package babel Info: Redefining german shorthand "|
(babel)             in language append on input line 67.
Package babel Info: Redefining german shorthand "~
(babel)             in language append on input line 67.
 [4 <./Bilder/Halbleiter_2.png>]
<Bilder/Aufbau.png, id=124, 557.282pt x 423.181pt>
File: Bilder/Aufbau.png Graphic file (type png)
 <use Bilder/Aufbau.png>
Package pdftex.def Info: Bilder/Aufbau.png used on input line 70.
(pdftex.def)             Requested size: 336.09593pt x 255.22783pt.
Package babel Info: Redefining german shorthand "f
(babel)             in language append on input line 77.
Package babel Info: Redefining german shorthand "|
(babel)             in language append on input line 77.
Package babel Info: Redefining german shorthand "~
(babel)             in language append on input line 77.
Package babel Info: Redefining german shorthand "f
(babel)             in language append on input line 80.
Package babel Info: Redefining german shorthand "|
(babel)             in language append on input line 80.
Package babel Info: Redefining german shorthand "~
(babel)             in language append on input line 80.
Package babel Info: Redefining german shorthand "f
(babel)             in language append on input line 84.
Package babel Info: Redefining german shorthand "|
(babel)             in language append on input line 84.
Package babel Info: Redefining german shorthand "~
(babel)             in language append on input line 84.

<Bilder/merged_1.png, id=125, 815.9283pt x 568.524pt>
File: Bilder/merged_1.png Graphic file (type png)

<use Bilder/merged_1.png>
Package pdftex.def Info: Bilder/merged_1.png used on input line 89.
(pdftex.def)             Requested size: 298.7551pt x 208.16449pt.

Overfull \hbox (0.24527pt too wide) in paragraph at lines 95--97
\OT1/cmr/m/n/10 Der Feh-ler beim Ab-le-sen bzw. Ein-stel-len der Tem-pe-ra-tur 
wur-de mit $0\OML/cmm/m/it/10 :\OT1/cmr/m/n/10 1$ $[][]$ ab-gesch[]atzt.
 []

<Bilder/1_Leistung.png, id=130, 815.9283pt x 568.524pt>
File: Bilder/1_Leistung.png Graphic file (type png)

<use Bilder/1_Leistung.png>
Package pdftex.def Info: Bilder/1_Leistung.png used on input line 123.
(pdftex.def)             Requested size: 298.7551pt x 208.16449pt.

<Bilder/1_Schwellenstrom.png, id=131, 815.9283pt x 568.524pt>
File: Bilder/1_Schwellenstrom.png Graphic file (type png)

<use Bilder/1_Schwellenstrom.png>
Package pdftex.def Info: Bilder/1_Schwellenstrom.png used on input line 129.
(pdftex.def)             Requested size: 298.7551pt x 208.16449pt.
Package babel Info: Redefining german shorthand "f
(babel)             in language append on input line 132.
Package babel Info: Redefining german shorthand "|
(babel)             in language append on input line 132.
Package babel Info: Redefining german shorthand "~
(babel)             in language append on input line 132.
Package babel Info: Redefining german shorthand "f
(babel)             in language append on input line 137.
Package babel Info: Redefining german shorthand "|
(babel)             in language append on input line 137.
Package babel Info: Redefining german shorthand "~
(babel)             in language append on input line 137.
Package babel Info: Redefining german shorthand "f
(babel)             in language append on input line 137.
Package babel Info: Redefining german shorthand "|
(babel)             in language append on input line 137.
Package babel Info: Redefining german shorthand "~
(babel)             in language append on input line 137.
 [5]
Package babel Info: Redefining german shorthand "f
(babel)             in language append on input line 137.
Package babel Info: Redefining german shorthand "|
(babel)             in language append on input line 137.
Package babel Info: Redefining german shorthand "~
(babel)             in language append on input line 137.
Package babel Info: Redefining german shorthand "f
(babel)             in language append on input line 137.
Package babel Info: Redefining german shorthand "|
(babel)             in language append on input line 137.
Package babel Info: Redefining german shorthand "~
(babel)             in language append on input line 137.
 [6 <./Bilder/Aufbau.png>]
Package babel Info: Redefining german shorthand "f
(babel)             in language append on input line 137.
Package babel Info: Redefining german shorthand "|
(babel)             in language append on input line 137.
Package babel Info: Redefining german shorthand "~
(babel)             in language append on input line 137.
Package babel Info: Redefining german shorthand "f
(babel)             in language append on input line 137.
Package babel Info: Redefining german shorthand "|
(babel)             in language append on input line 137.
Package babel Info: Redefining german shorthand "~
(babel)             in language append on input line 137.
 [7 <./Bilder/merged_1.png>]
Package babel Info: Redefining german shorthand "f
(babel)             in language append on input line 137.
Package babel Info: Redefining german shorthand "|
(babel)             in language append on input line 137.
Package babel Info: Redefining german shorthand "~
(babel)             in language append on input line 137.
Package babel Info: Redefining german shorthand "f
(babel)             in language append on input line 137.
Package babel Info: Redefining german shorthand "|
(babel)             in language append on input line 137.
Package babel Info: Redefining german shorthand "~
(babel)             in language append on input line 137.
 [8 <./Bilder/1_Leistung.png> <./Bilder/1_Schwellenstrom.png>]
Package babel Info: Redefining german shorthand "f
(babel)             in language append on input line 137.
Package babel Info: Redefining german shorthand "|
(babel)             in language append on input line 137.
Package babel Info: Redefining german shorthand "~
(babel)             in language append on input line 137.
Package babel Info: Redefining german shorthand "f
(babel)             in language append on input line 140.
Package babel Info: Redefining german shorthand "|
(babel)             in language append on input line 140.
Package babel Info: Redefining german shorthand "~
(babel)             in language append on input line 140.
Package babel Info: Redefining german shorthand "f
(babel)             in language append on input line 143.
Package babel Info: Redefining german shorthand "|
(babel)             in language append on input line 143.
Package babel Info: Redefining german shorthand "~
(babel)             in language append on input line 143.
Package babel Info: Redefining german shorthand "f
(babel)             in language append on input line 146.
Package babel Info: Redefining german shorthand "|
(babel)             in language append on input line 146.
Package babel Info: Redefining german shorthand "~
(babel)             in language append on input line 146.

<Bilder/Frequenzchar_1.png, id=169, 373.395pt x 303.38344pt>
File: Bilder/Frequenzchar_1.png Graphic file (type png)

<use Bilder/Frequenzchar_1.png>
Package pdftex.def Info: Bilder/Frequenzchar_1.png used on input line 155.
(pdftex.def)             Requested size: 298.7551pt x 242.74873pt.
Package babel Info: Redefining german shorthand "f
(babel)             in language append on input line 161.
Package babel Info: Redefining german shorthand "|
(babel)             in language append on input line 161.
Package babel Info: Redefining german shorthand "~
(babel)             in language append on input line 161.
Package babel Info: Redefining german shorthand "f
(babel)             in language append on input line 161.
Package babel Info: Redefining german shorthand "|
(babel)             in language append on input line 161.
Package babel Info: Redefining german shorthand "~
(babel)             in language append on input line 161.
 [9]
Package babel Info: Redefining german shorthand "f
(babel)             in language append on input line 161.
Package babel Info: Redefining german shorthand "|
(babel)             in language append on input line 161.
Package babel Info: Redefining german shorthand "~
(babel)             in language append on input line 161.
Package babel Info: Redefining german shorthand "f
(babel)             in language append on input line 161.
Package babel Info: Redefining german shorthand "|
(babel)             in language append on input line 161.
Package babel Info: Redefining german shorthand "~
(babel)             in language append on input line 161.
 [10 <./Bilder/Frequenzchar_1.png (PNG copy)>]
Package babel Info: Redefining german shorthand "f
(babel)             in language append on input line 161.
Package babel Info: Redefining german shorthand "|
(babel)             in language append on input line 161.
Package babel Info: Redefining german shorthand "~
(babel)             in language append on input line 161.
 <Bilder/Frequenzchar_2.png, id=184, 373.395pt x 303.38344pt>
File: Bilder/Frequenzchar_2.png Graphic file (type png)

<use Bilder/Frequenzchar_2.png>
Package pdftex.def Info: Bilder/Frequenzchar_2.png used on input line 165.
(pdftex.def)             Requested size: 298.7551pt x 242.74873pt.
Package babel Info: Redefining german shorthand "f
(babel)             in language append on input line 173.
Package babel Info: Redefining german shorthand "|
(babel)             in language append on input line 173.
Package babel Info: Redefining german shorthand "~
(babel)             in language append on input line 173.

<Bilder/25.png, id=188, 815.9283pt x 568.524pt>
File: Bilder/25.png Graphic file (type png)
 <use Bilder/25.png>
Package pdftex.def Info: Bilder/25.png used on input line 178.
(pdftex.def)             Requested size: 280.08183pt x 195.16072pt.
Package babel Info: Redefining german shorthand "f
(babel)             in language append on input line 179.
Package babel Info: Redefining german shorthand "|
(babel)             in language append on input line 179.
Package babel Info: Redefining german shorthand "~
(babel)             in language append on input line 179.
Package babel Info: Redefining german shorthand "f
(babel)             in language append on input line 179.
Package babel Info: Redefining german shorthand "|
(babel)             in language append on input line 179.
Package babel Info: Redefining german shorthand "~
(babel)             in language append on input line 179.
 [11 <./Bilder/Frequenzchar_2.png (PNG copy)>]
<Bilder/28.png, id=194, 815.9283pt x 568.524pt>
File: Bilder/28.png Graphic file (type png)
 <use Bilder/28.png>
Package pdftex.def Info: Bilder/28.png used on input line 183.
(pdftex.def)             Requested size: 280.08183pt x 195.16072pt.

<Bilder/23.png, id=195, 815.9283pt x 568.524pt>
File: Bilder/23.png Graphic file (type png)
 <use Bilder/23.png>
Package pdftex.def Info: Bilder/23.png used on input line 188.
(pdftex.def)             Requested size: 280.08183pt x 195.16072pt.
Package atveryend Info: Empty hook `BeforeClearDocument' on input line 205.
Package babel Info: Redefining german shorthand "f
(babel)             in language append on input line 205.
Package babel Info: Redefining german shorthand "|
(babel)             in language append on input line 205.
Package babel Info: Redefining german shorthand "~
(babel)             in language append on input line 205.
Package babel Info: Redefining german shorthand "f
(babel)             in language append on input line 205.
Package babel Info: Redefining german shorthand "|
(babel)             in language append on input line 205.
Package babel Info: Redefining german shorthand "~
(babel)             in language append on input line 205.
 [12 <./Bilder/25.png>]
Package babel Info: Redefining german shorthand "f
(babel)             in language append on input line 205.
Package babel Info: Redefining german shorthand "|
(babel)             in language append on input line 205.
Package babel Info: Redefining german shorthand "~
(babel)             in language append on input line 205.
Package babel Info: Redefining german shorthand "f
(babel)             in language append on input line 205.
Package babel Info: Redefining german shorthand "|
(babel)             in language append on input line 205.
Package babel Info: Redefining german shorthand "~
(babel)             in language append on input line 205.
 [13 <./Bilder/28.png> <./Bilder/23.png>]
Package atveryend Info: Empty hook `AfterLastShipout' on input line 205.
 (./diodenlaser.aux)
Package atveryend Info: Executing hook `AtVeryEndDocument' on input line 205.
Package atveryend Info: Executing hook `AtEndAfterFileList' on input line 205.
Package rerunfilecheck Info: File `diodenlaser.out' has not changed.
(rerunfilecheck)             Checksum: 635CDE32C0DC1EE926F06799F079CFD8;860.
Package atveryend Info: Empty hook `AtVeryVeryEnd' on input line 205.
 ) 
Here is how much of TeX's memory you used:
 10545 strings out of 493304
 170209 string characters out of 6139871
 326444 words of memory out of 5000000
 13835 multiletter control sequences out of 15000+600000
 12426 words of font info for 48 fonts, out of 8000000 for 9000
 957 hyphenation exceptions out of 8191
 40i,14n,51p,1401b,414s stack positions out of 5000i,500n,10000p,200000b,80000s
</usr/share/texlive/texmf-dist/fonts/type1/public/amsfonts/cm/cmbx10.pfb></us
r/share/texlive/texmf-dist/fonts/type1/public/amsfonts/cm/cmbx12.pfb></usr/shar
e/texlive/texmf-dist/fonts/type1/public/amsfonts/cm/cmex10.pfb></usr/share/texl
ive/texmf-dist/fonts/type1/public/amsfonts/cm/cmmi10.pfb></usr/share/texlive/te
xmf-dist/fonts/type1/public/amsfonts/cm/cmmi7.pfb></usr/share/texlive/texmf-dis
t/fonts/type1/public/amsfonts/cm/cmr10.pfb></usr/share/texlive/texmf-dist/fonts
/type1/public/amsfonts/cm/cmr12.pfb></usr/share/texlive/texmf-dist/fonts/type1/
public/amsfonts/cm/cmr7.pfb></usr/share/texlive/texmf-dist/fonts/type1/public/a
msfonts/cm/cmr8.pfb></usr/share/texlive/texmf-dist/fonts/type1/public/amsfonts/
cm/cmssbx10.pfb></usr/share/texlive/texmf-dist/fonts/type1/public/amsfonts/cm/c
msy10.pfb></usr/share/texlive/texmf-dist/fonts/type1/public/amsfonts/cm/cmsy6.p
fb></usr/share/texlive/texmf-dist/fonts/type1/public/amsfonts/cm/cmsy7.pfb></us
r/share/texlive/texmf-dist/fonts/type1/public/amsfonts/cm/cmti10.pfb>
Output written on diodenlaser.pdf (13 pages, 1723804 bytes).
PDF statistics:
 275 PDF objects out of 1000 (max. 8388607)
 221 compressed objects within 3 object streams
 50 named destinations out of 1000 (max. 500000)
 171 words of extra memory for PDF output out of 10000 (max. 10000000)

